{"/home/hr/Dev/projects/cyclemob_app/App.js": {"path":"/home/hr/Dev/projects/cyclemob_app/App.js","statementMap":{"0":{"start":{"line":17,"column":4},"end":{"line":17,"column":26}},"1":{"start":{"line":18,"column":4},"end":{"line":31,"column":6}},"2":{"start":{"line":35,"column":4},"end":{"line":39,"column":7}},"3":{"start":{"line":36,"column":6},"end":{"line":38,"column":9}},"4":{"start":{"line":43,"column":4},"end":{"line":45,"column":8}},"5":{"start":{"line":43,"column":28},"end":{"line":45,"column":5}},"6":{"start":{"line":49,"column":4},"end":{"line":51,"column":8}},"7":{"start":{"line":49,"column":28},"end":{"line":51,"column":5}},"8":{"start":{"line":55,"column":4},"end":{"line":57,"column":7}},"9":{"start":{"line":61,"column":4},"end":{"line":63,"column":8}},"10":{"start":{"line":61,"column":28},"end":{"line":63,"column":5}},"11":{"start":{"line":67,"column":19},"end":{"line":73,"column":6}},"12":{"start":{"line":74,"column":4},"end":{"line":78,"column":8}},"13":{"start":{"line":74,"column":28},"end":{"line":78,"column":5}},"14":{"start":{"line":82,"column":4},"end":{"line":85,"column":8}},"15":{"start":{"line":82,"column":28},"end":{"line":85,"column":5}},"16":{"start":{"line":83,"column":44},"end":{"line":83,"column":60}},"17":{"start":{"line":89,"column":4},"end":{"line":91,"column":7}},"18":{"start":{"line":95,"column":4},"end":{"line":97,"column":7}},"19":{"start":{"line":101,"column":4},"end":{"line":108,"column":6}},"20":{"start":{"line":106,"column":8},"end":{"line":106,"column":27}},"21":{"start":{"line":112,"column":4},"end":{"line":119,"column":6}},"22":{"start":{"line":117,"column":8},"end":{"line":117,"column":27}},"23":{"start":{"line":145,"column":4},"end":{"line":160,"column":5}},"24":{"start":{"line":146,"column":6},"end":{"line":148,"column":9}},"25":{"start":{"line":150,"column":21},"end":{"line":150,"column":47}},"26":{"start":{"line":151,"column":26},"end":{"line":151,"column":54}},"27":{"start":{"line":152,"column":6},"end":{"line":159,"column":9}},"28":{"start":{"line":153,"column":8},"end":{"line":158,"column":11}},"29":{"start":{"line":164,"column":4},"end":{"line":166,"column":7}},"30":{"start":{"line":170,"column":4},"end":{"line":173,"column":7}},"31":{"start":{"line":177,"column":4},"end":{"line":177,"column":29}},"32":{"start":{"line":189,"column":8},"end":{"line":189,"column":18}},"33":{"start":{"line":190,"column":4},"end":{"line":246,"column":13}},"34":{"start":{"line":250,"column":15},"end":{"line":279,"column":2}}},"fnMap":{"0":{"name":"(anonymous_0)","decl":{"start":{"line":16,"column":2},"end":{"line":16,"column":3}},"loc":{"start":{"line":16,"column":30},"end":{"line":32,"column":3}},"line":16},"1":{"name":"(anonymous_1)","decl":{"start":{"line":34,"column":2},"end":{"line":34,"column":3}},"loc":{"start":{"line":34,"column":22},"end":{"line":40,"column":3}},"line":34},"2":{"name":"(anonymous_2)","decl":{"start":{"line":35,"column":18},"end":{"line":35,"column":19}},"loc":{"start":{"line":35,"column":30},"end":{"line":39,"column":5}},"line":35},"3":{"name":"(anonymous_3)","decl":{"start":{"line":42,"column":29},"end":{"line":42,"column":30}},"loc":{"start":{"line":42,"column":35},"end":{"line":46,"column":3}},"line":42},"4":{"name":"(anonymous_4)","decl":{"start":{"line":43,"column":18},"end":{"line":43,"column":19}},"loc":{"start":{"line":43,"column":28},"end":{"line":45,"column":5}},"line":43},"5":{"name":"(anonymous_5)","decl":{"start":{"line":48,"column":21},"end":{"line":48,"column":22}},"loc":{"start":{"line":48,"column":27},"end":{"line":52,"column":3}},"line":48},"6":{"name":"(anonymous_6)","decl":{"start":{"line":49,"column":18},"end":{"line":49,"column":19}},"loc":{"start":{"line":49,"column":28},"end":{"line":51,"column":5}},"line":49},"7":{"name":"(anonymous_7)","decl":{"start":{"line":54,"column":15},"end":{"line":54,"column":16}},"loc":{"start":{"line":54,"column":21},"end":{"line":58,"column":3}},"line":54},"8":{"name":"(anonymous_8)","decl":{"start":{"line":60,"column":27},"end":{"line":60,"column":28}},"loc":{"start":{"line":60,"column":33},"end":{"line":64,"column":3}},"line":60},"9":{"name":"(anonymous_9)","decl":{"start":{"line":61,"column":18},"end":{"line":61,"column":19}},"loc":{"start":{"line":61,"column":28},"end":{"line":63,"column":5}},"line":61},"10":{"name":"(anonymous_10)","decl":{"start":{"line":66,"column":19},"end":{"line":66,"column":20}},"loc":{"start":{"line":66,"column":27},"end":{"line":79,"column":3}},"line":66},"11":{"name":"(anonymous_11)","decl":{"start":{"line":74,"column":18},"end":{"line":74,"column":19}},"loc":{"start":{"line":74,"column":28},"end":{"line":78,"column":5}},"line":74},"12":{"name":"(anonymous_12)","decl":{"start":{"line":81,"column":17},"end":{"line":81,"column":18}},"loc":{"start":{"line":81,"column":29},"end":{"line":86,"column":3}},"line":81},"13":{"name":"(anonymous_13)","decl":{"start":{"line":82,"column":18},"end":{"line":82,"column":19}},"loc":{"start":{"line":82,"column":28},"end":{"line":85,"column":5}},"line":82},"14":{"name":"(anonymous_14)","decl":{"start":{"line":83,"column":34},"end":{"line":83,"column":35}},"loc":{"start":{"line":83,"column":44},"end":{"line":83,"column":60}},"line":83},"15":{"name":"(anonymous_15)","decl":{"start":{"line":88,"column":22},"end":{"line":88,"column":23}},"loc":{"start":{"line":88,"column":39},"end":{"line":92,"column":3}},"line":88},"16":{"name":"(anonymous_16)","decl":{"start":{"line":94,"column":25},"end":{"line":94,"column":26}},"loc":{"start":{"line":94,"column":31},"end":{"line":98,"column":3}},"line":94},"17":{"name":"(anonymous_17)","decl":{"start":{"line":100,"column":14},"end":{"line":100,"column":15}},"loc":{"start":{"line":100,"column":24},"end":{"line":109,"column":3}},"line":100},"18":{"name":"(anonymous_18)","decl":{"start":{"line":105,"column":6},"end":{"line":105,"column":7}},"loc":{"start":{"line":105,"column":12},"end":{"line":107,"column":7}},"line":105},"19":{"name":"(anonymous_19)","decl":{"start":{"line":111,"column":16},"end":{"line":111,"column":17}},"loc":{"start":{"line":111,"column":22},"end":{"line":120,"column":3}},"line":111},"20":{"name":"(anonymous_20)","decl":{"start":{"line":116,"column":6},"end":{"line":116,"column":7}},"loc":{"start":{"line":116,"column":12},"end":{"line":118,"column":7}},"line":116},"21":{"name":"(anonymous_21)","decl":{"start":{"line":122,"column":16},"end":{"line":122,"column":17}},"loc":{"start":{"line":122,"column":28},"end":{"line":131,"column":3}},"line":122},"22":{"name":"(anonymous_22)","decl":{"start":{"line":133,"column":19},"end":{"line":133,"column":20}},"loc":{"start":{"line":133,"column":31},"end":{"line":142,"column":3}},"line":133},"23":{"name":"(anonymous_23)","decl":{"start":{"line":144,"column":16},"end":{"line":144,"column":17}},"loc":{"start":{"line":144,"column":22},"end":{"line":161,"column":3}},"line":144},"24":{"name":"(anonymous_24)","decl":{"start":{"line":152,"column":41},"end":{"line":152,"column":42}},"loc":{"start":{"line":152,"column":76},"end":{"line":159,"column":7}},"line":152},"25":{"name":"(anonymous_25)","decl":{"start":{"line":163,"column":27},"end":{"line":163,"column":28}},"loc":{"start":{"line":163,"column":33},"end":{"line":167,"column":3}},"line":163},"26":{"name":"(anonymous_26)","decl":{"start":{"line":169,"column":22},"end":{"line":169,"column":23}},"loc":{"start":{"line":169,"column":28},"end":{"line":174,"column":3}},"line":169},"27":{"name":"(anonymous_27)","decl":{"start":{"line":176,"column":19},"end":{"line":176,"column":20}},"loc":{"start":{"line":176,"column":25},"end":{"line":178,"column":3}},"line":176},"28":{"name":"(anonymous_28)","decl":{"start":{"line":180,"column":2},"end":{"line":180,"column":3}},"loc":{"start":{"line":180,"column":11},"end":{"line":247,"column":3}},"line":180},"29":{"name":"(anonymous_29)","decl":{"start":{"line":219,"column":24},"end":{"line":219,"column":25}},"loc":{"start":{"line":219,"column":30},"end":{"line":219,"column":32}},"line":219}},"branchMap":{"0":{"loc":{"start":{"line":145,"column":4},"end":{"line":160,"column":5}},"type":"if","locations":[{"start":{"line":145,"column":4},"end":{"line":160,"column":5}},{"start":{"line":145,"column":4},"end":{"line":160,"column":5}}],"line":145},"1":{"loc":{"start":{"line":190,"column":11},"end":{"line":246,"column":12}},"type":"cond-expr","locations":[{"start":{"line":191,"column":6},"end":{"line":245,"column":13}},{"start":{"line":246,"column":8},"end":{"line":246,"column":12}}],"line":190},"2":{"loc":{"start":{"line":200,"column":11},"end":{"line":204,"column":11}},"type":"binary-expr","locations":[{"start":{"line":200,"column":11},"end":{"line":200,"column":19}},{"start":{"line":201,"column":12},"end":{"line":203,"column":19}}],"line":200},"3":{"loc":{"start":{"line":205,"column":11},"end":{"line":211,"column":11}},"type":"binary-expr","locations":[{"start":{"line":205,"column":11},"end":{"line":205,"column":21}},{"start":{"line":206,"column":12},"end":{"line":210,"column":14}}],"line":205},"4":{"loc":{"start":{"line":214,"column":11},"end":{"line":221,"column":11}},"type":"binary-expr","locations":[{"start":{"line":214,"column":11},"end":{"line":214,"column":44}},{"start":{"line":215,"column":12},"end":{"line":220,"column":14}}],"line":214},"5":{"loc":{"start":{"line":222,"column":11},"end":{"line":230,"column":11}},"type":"binary-expr","locations":[{"start":{"line":222,"column":11},"end":{"line":222,"column":24}},{"start":{"line":223,"column":12},"end":{"line":229,"column":14}}],"line":222},"6":{"loc":{"start":{"line":231,"column":11},"end":{"line":236,"column":11}},"type":"binary-expr","locations":[{"start":{"line":231,"column":11},"end":{"line":231,"column":27}},{"start":{"line":232,"column":12},"end":{"line":235,"column":14}}],"line":231},"7":{"loc":{"start":{"line":267,"column":9},"end":{"line":267,"column":62}},"type":"cond-expr","locations":[{"start":{"line":267,"column":33},"end":{"line":267,"column":34}},{"start":{"line":267,"column":37},"end":{"line":267,"column":62}}],"line":267}},"s":{"0":9,"1":9,"2":9,"3":9,"4":1,"5":1,"6":2,"7":2,"8":1,"9":1,"10":1,"11":2,"12":2,"13":2,"14":1,"15":1,"16":2,"17":1,"18":1,"19":1,"20":1,"21":1,"22":1,"23":2,"24":1,"25":1,"26":1,"27":1,"28":1,"29":1,"30":1,"31":0,"32":35,"33":35,"34":1},"f":{"0":9,"1":9,"2":9,"3":1,"4":1,"5":2,"6":2,"7":1,"8":1,"9":1,"10":2,"11":2,"12":1,"13":1,"14":2,"15":1,"16":1,"17":1,"18":1,"19":1,"20":1,"21":0,"22":0,"23":2,"24":1,"25":1,"26":1,"27":0,"28":35,"29":0},"b":{"0":[1,1],"1":[25,10],"2":[25,25],"3":[25,2],"4":[25,1],"5":[25,3],"6":[25,1],"7":[1,0]},"_coverageSchema":"332fd63041d2c1bcb487cc26dd0d5f7d97098a6c","hash":"be0cc945ea61f2b830ba1ccffbb2223c3cc5e07f"}
,"/home/hr/Dev/projects/cyclemob_app/setupTests.js": {"path":"/home/hr/Dev/projects/cyclemob_app/setupTests.js","statementMap":{"0":{"start":{"line":6,"column":0},"end":{"line":6,"column":38}},"1":{"start":{"line":8,"column":0},"end":{"line":15,"column":2}},"2":{"start":{"line":10,"column":9},"end":{"line":13,"column":3}}},"fnMap":{"0":{"name":"(anonymous_0)","decl":{"start":{"line":10,"column":2},"end":{"line":10,"column":3}},"loc":{"start":{"line":10,"column":9},"end":{"line":13,"column":3}},"line":10}},"branchMap":{},"s":{"0":10,"1":10,"2":3},"f":{"0":3},"b":{},"_coverageSchema":"332fd63041d2c1bcb487cc26dd0d5f7d97098a6c","hash":"b1889a1c2248a39c8b445ebe1dc12b4101fa2c56"}
,"/home/hr/Dev/projects/cyclemob_app/components/Bikecomputer.js": {"path":"/home/hr/Dev/projects/cyclemob_app/components/Bikecomputer.js","statementMap":{"0":{"start":{"line":5,"column":0},"end":{"line":8,"column":2}},"1":{"start":{"line":11,"column":2},"end":{"line":24,"column":4}},"2":{"start":{"line":27,"column":15},"end":{"line":49,"column":2}}},"fnMap":{"0":{"name":"Bikecomputer","decl":{"start":{"line":10,"column":9},"end":{"line":10,"column":21}},"loc":{"start":{"line":10,"column":43},"end":{"line":25,"column":1}},"line":10}},"branchMap":{"0":{"loc":{"start":{"line":15,"column":52},"end":{"line":15,"column":62}},"type":"binary-expr","locations":[{"start":{"line":15,"column":52},"end":{"line":15,"column":57}},{"start":{"line":15,"column":61},"end":{"line":15,"column":62}}],"line":15},"1":{"loc":{"start":{"line":21,"column":50},"end":{"line":21,"column":63}},"type":"binary-expr","locations":[{"start":{"line":21,"column":50},"end":{"line":21,"column":58}},{"start":{"line":21,"column":62},"end":{"line":21,"column":63}}],"line":21}},"s":{"0":2,"1":4,"2":2},"f":{"0":4},"b":{"0":[4,3],"1":[4,3]},"_coverageSchema":"332fd63041d2c1bcb487cc26dd0d5f7d97098a6c","hash":"3e6a073cb4b0a595aeba9092e0f3610137fc2a3f"}
,"/home/hr/Dev/projects/cyclemob_app/components/Button.js": {"path":"/home/hr/Dev/projects/cyclemob_app/components/Button.js","statementMap":{"0":{"start":{"line":6,"column":0},"end":{"line":10,"column":2}},"1":{"start":{"line":13,"column":2},"end":{"line":17,"column":4}},"2":{"start":{"line":20,"column":15},"end":{"line":32,"column":2}}},"fnMap":{"0":{"name":"Button","decl":{"start":{"line":12,"column":9},"end":{"line":12,"column":15}},"loc":{"start":{"line":12,"column":46},"end":{"line":18,"column":1}},"line":12}},"branchMap":{"0":{"loc":{"start":{"line":15,"column":28},"end":{"line":15,"column":50}},"type":"cond-expr","locations":[{"start":{"line":15,"column":36},"end":{"line":15,"column":45}},{"start":{"line":15,"column":48},"end":{"line":15,"column":50}}],"line":15}},"s":{"0":5,"1":4,"2":5},"f":{"0":4},"b":{"0":[0,4]},"_coverageSchema":"332fd63041d2c1bcb487cc26dd0d5f7d97098a6c","hash":"2cc5c0d5c9fc76423b31e5a5108e6a4047b7dc43"}
,"/home/hr/Dev/projects/cyclemob_app/components/Map.js": {"path":"/home/hr/Dev/projects/cyclemob_app/components/Map.js","statementMap":{"0":{"start":{"line":12,"column":26},"end":{"line":12,"column":50}},"1":{"start":{"line":13,"column":21},"end":{"line":13,"column":35}},"2":{"start":{"line":14,"column":18},"end":{"line":16,"column":1}},"3":{"start":{"line":22,"column":4},"end":{"line":24,"column":5}},"4":{"start":{"line":23,"column":6},"end":{"line":23,"column":63}},"5":{"start":{"line":28,"column":4},"end":{"line":30,"column":5}},"6":{"start":{"line":29,"column":6},"end":{"line":29,"column":36}},"7":{"start":{"line":34,"column":4},"end":{"line":36,"column":5}},"8":{"start":{"line":35,"column":6},"end":{"line":35,"column":36}},"9":{"start":{"line":40,"column":4},"end":{"line":42,"column":5}},"10":{"start":{"line":41,"column":6},"end":{"line":41,"column":18}},"11":{"start":{"line":44,"column":30},"end":{"line":44,"column":40}},"12":{"start":{"line":45,"column":21},"end":{"line":45,"column":56}},"13":{"start":{"line":46,"column":22},"end":{"line":46,"column":58}},"14":{"start":{"line":47,"column":26},"end":{"line":47,"column":30}},"15":{"start":{"line":48,"column":27},"end":{"line":48,"column":55}},"16":{"start":{"line":49,"column":19},"end":{"line":54,"column":5}},"17":{"start":{"line":56,"column":4},"end":{"line":84,"column":6}},"18":{"start":{"line":58,"column":20},"end":{"line":58,"column":33}},"19":{"start":{"line":68,"column":12},"end":{"line":74,"column":14}},"20":{"start":{"line":72,"column":16},"end":{"line":72,"column":46}},"21":{"start":{"line":87,"column":0},"end":{"line":112,"column":2}},"22":{"start":{"line":114,"column":15},"end":{"line":122,"column":2}}},"fnMap":{"0":{"name":"(anonymous_0)","decl":{"start":{"line":21,"column":2},"end":{"line":21,"column":3}},"loc":{"start":{"line":21,"column":23},"end":{"line":25,"column":3}},"line":21},"1":{"name":"(anonymous_1)","decl":{"start":{"line":27,"column":19},"end":{"line":27,"column":20}},"loc":{"start":{"line":27,"column":25},"end":{"line":31,"column":3}},"line":27},"2":{"name":"(anonymous_2)","decl":{"start":{"line":33,"column":20},"end":{"line":33,"column":21}},"loc":{"start":{"line":33,"column":25},"end":{"line":37,"column":3}},"line":33},"3":{"name":"(anonymous_3)","decl":{"start":{"line":39,"column":2},"end":{"line":39,"column":3}},"loc":{"start":{"line":39,"column":11},"end":{"line":85,"column":3}},"line":39},"4":{"name":"(anonymous_4)","decl":{"start":{"line":58,"column":13},"end":{"line":58,"column":14}},"loc":{"start":{"line":58,"column":20},"end":{"line":58,"column":33}},"line":58},"5":{"name":"(anonymous_5)","decl":{"start":{"line":67,"column":21},"end":{"line":67,"column":22}},"loc":{"start":{"line":68,"column":12},"end":{"line":74,"column":14}},"line":68},"6":{"name":"(anonymous_6)","decl":{"start":{"line":71,"column":23},"end":{"line":71,"column":24}},"loc":{"start":{"line":71,"column":29},"end":{"line":73,"column":15}},"line":71}},"branchMap":{"0":{"loc":{"start":{"line":22,"column":4},"end":{"line":24,"column":5}},"type":"if","locations":[{"start":{"line":22,"column":4},"end":{"line":24,"column":5}},{"start":{"line":22,"column":4},"end":{"line":24,"column":5}}],"line":22},"1":{"loc":{"start":{"line":22,"column":8},"end":{"line":22,"column":68}},"type":"binary-expr","locations":[{"start":{"line":22,"column":8},"end":{"line":22,"column":27}},{"start":{"line":22,"column":31},"end":{"line":22,"column":56}},{"start":{"line":22,"column":60},"end":{"line":22,"column":68}}],"line":22},"2":{"loc":{"start":{"line":28,"column":4},"end":{"line":30,"column":5}},"type":"if","locations":[{"start":{"line":28,"column":4},"end":{"line":30,"column":5}},{"start":{"line":28,"column":4},"end":{"line":30,"column":5}}],"line":28},"3":{"loc":{"start":{"line":34,"column":4},"end":{"line":36,"column":5}},"type":"if","locations":[{"start":{"line":34,"column":4},"end":{"line":36,"column":5}},{"start":{"line":34,"column":4},"end":{"line":36,"column":5}}],"line":34},"4":{"loc":{"start":{"line":40,"column":4},"end":{"line":42,"column":5}},"type":"if","locations":[{"start":{"line":40,"column":4},"end":{"line":42,"column":5}},{"start":{"line":40,"column":4},"end":{"line":42,"column":5}}],"line":40},"5":{"loc":{"start":{"line":66,"column":9},"end":{"line":75,"column":12}},"type":"binary-expr","locations":[{"start":{"line":66,"column":9},"end":{"line":66,"column":15}},{"start":{"line":67,"column":10},"end":{"line":75,"column":12}}],"line":66},"6":{"loc":{"start":{"line":76,"column":9},"end":{"line":82,"column":9}},"type":"binary-expr","locations":[{"start":{"line":76,"column":9},"end":{"line":76,"column":14}},{"start":{"line":77,"column":10},"end":{"line":81,"column":12}}],"line":76}},"s":{"0":2,"1":2,"2":2,"3":10,"4":3,"5":1,"6":1,"7":1,"8":1,"9":19,"10":1,"11":18,"12":18,"13":18,"14":18,"15":18,"16":18,"17":18,"18":0,"19":4,"20":1,"21":2,"22":2},"f":{"0":10,"1":1,"2":1,"3":19,"4":0,"5":4,"6":1},"b":{"0":[3,7],"1":[10,9,6],"2":[1,0],"3":[1,0],"4":[1,18],"5":[18,18],"6":[18,1]},"_coverageSchema":"332fd63041d2c1bcb487cc26dd0d5f7d97098a6c","hash":"e4348845b82301685a15abbd4c69b37b471fe4cf"}
,"/home/hr/Dev/projects/cyclemob_app/components/MarkerDetails.js": {"path":"/home/hr/Dev/projects/cyclemob_app/components/MarkerDetails.js","statementMap":{"0":{"start":{"line":7,"column":0},"end":{"line":21,"column":2}},"1":{"start":{"line":30,"column":2},"end":{"line":55,"column":4}},"2":{"start":{"line":41,"column":29},"end":{"line":41,"column":50}},"3":{"start":{"line":49,"column":59},"end":{"line":49,"column":75}},"4":{"start":{"line":58,"column":15},"end":{"line":78,"column":2}}},"fnMap":{"0":{"name":"MarkerDetails","decl":{"start":{"line":23,"column":9},"end":{"line":23,"column":22}},"loc":{"start":{"line":29,"column":3},"end":{"line":56,"column":1}},"line":29},"1":{"name":"(anonymous_1)","decl":{"start":{"line":41,"column":23},"end":{"line":41,"column":24}},"loc":{"start":{"line":41,"column":29},"end":{"line":41,"column":50}},"line":41},"2":{"name":"(anonymous_2)","decl":{"start":{"line":49,"column":53},"end":{"line":49,"column":54}},"loc":{"start":{"line":49,"column":59},"end":{"line":49,"column":75}},"line":49}},"branchMap":{},"s":{"0":2,"1":7,"2":1,"3":1,"4":2},"f":{"0":7,"1":1,"2":1},"b":{},"_coverageSchema":"332fd63041d2c1bcb487cc26dd0d5f7d97098a6c","hash":"5b3638889c7b8c11f1ef959ef7b064e94be5d0a3"}
,"/home/hr/Dev/projects/cyclemob_app/components/RouteDetails.js": {"path":"/home/hr/Dev/projects/cyclemob_app/components/RouteDetails.js","statementMap":{"0":{"start":{"line":7,"column":0},"end":{"line":12,"column":2}},"1":{"start":{"line":15,"column":2},"end":{"line":23,"column":4}},"2":{"start":{"line":26,"column":15},"end":{"line":35,"column":2}}},"fnMap":{"0":{"name":"RouteDetails","decl":{"start":{"line":14,"column":9},"end":{"line":14,"column":21}},"loc":{"start":{"line":14,"column":65},"end":{"line":24,"column":1}},"line":14}},"branchMap":{},"s":{"0":2,"1":5,"2":2},"f":{"0":5},"b":{},"_coverageSchema":"332fd63041d2c1bcb487cc26dd0d5f7d97098a6c","hash":"11b7929fd148f307618c945373a20a8b2dedb51f"}
,"/home/hr/Dev/projects/cyclemob_app/components/Search.js": {"path":"/home/hr/Dev/projects/cyclemob_app/components/Search.js","statementMap":{"0":{"start":{"line":36,"column":4},"end":{"line":36,"column":12}},"1":{"start":{"line":37,"column":4},"end":{"line":40,"column":6}},"2":{"start":{"line":44,"column":21},"end":{"line":44,"column":47}},"3":{"start":{"line":45,"column":4},"end":{"line":49,"column":6}},"4":{"start":{"line":47,"column":8},"end":{"line":47,"column":40}},"5":{"start":{"line":53,"column":25},"end":{"line":53,"column":29}},"6":{"start":{"line":54,"column":4},"end":{"line":56,"column":7}},"7":{"start":{"line":55,"column":6},"end":{"line":55,"column":38}},"8":{"start":{"line":59,"column":4},"end":{"line":90,"column":6}},"9":{"start":{"line":79,"column":16},"end":{"line":83,"column":18}},"10":{"start":{"line":95,"column":2},"end":{"line":105,"column":4}},"11":{"start":{"line":98,"column":21},"end":{"line":98,"column":39}},"12":{"start":{"line":108,"column":0},"end":{"line":116,"column":2}},"13":{"start":{"line":118,"column":15},"end":{"line":145,"column":2}}},"fnMap":{"0":{"name":"(anonymous_0)","decl":{"start":{"line":35,"column":2},"end":{"line":35,"column":3}},"loc":{"start":{"line":35,"column":16},"end":{"line":41,"column":3}},"line":35},"1":{"name":"(anonymous_1)","decl":{"start":{"line":43,"column":23},"end":{"line":43,"column":24}},"loc":{"start":{"line":43,"column":32},"end":{"line":50,"column":3}},"line":43},"2":{"name":"(anonymous_2)","decl":{"start":{"line":46,"column":6},"end":{"line":46,"column":7}},"loc":{"start":{"line":46,"column":14},"end":{"line":48,"column":7}},"line":46},"3":{"name":"(anonymous_3)","decl":{"start":{"line":52,"column":25},"end":{"line":52,"column":26}},"loc":{"start":{"line":52,"column":33},"end":{"line":57,"column":3}},"line":52},"4":{"name":"(anonymous_4)","decl":{"start":{"line":54,"column":60},"end":{"line":54,"column":61}},"loc":{"start":{"line":54,"column":70},"end":{"line":56,"column":5}},"line":54},"5":{"name":"(anonymous_5)","decl":{"start":{"line":58,"column":2},"end":{"line":58,"column":3}},"loc":{"start":{"line":58,"column":11},"end":{"line":91,"column":3}},"line":58},"6":{"name":"(anonymous_6)","decl":{"start":{"line":78,"column":26},"end":{"line":78,"column":27}},"loc":{"start":{"line":79,"column":16},"end":{"line":83,"column":18}},"line":79},"7":{"name":"ResultItem","decl":{"start":{"line":94,"column":9},"end":{"line":94,"column":19}},"loc":{"start":{"line":94,"column":44},"end":{"line":106,"column":1}},"line":94},"8":{"name":"(anonymous_8)","decl":{"start":{"line":98,"column":15},"end":{"line":98,"column":16}},"loc":{"start":{"line":98,"column":21},"end":{"line":98,"column":39}},"line":98}},"branchMap":{"0":{"loc":{"start":{"line":74,"column":9},"end":{"line":88,"column":9}},"type":"binary-expr","locations":[{"start":{"line":74,"column":9},"end":{"line":74,"column":37}},{"start":{"line":75,"column":10},"end":{"line":87,"column":17}}],"line":74}},"s":{"0":4,"1":4,"2":1,"3":1,"4":1,"5":1,"6":1,"7":1,"8":5,"9":0,"10":4,"11":1,"12":2,"13":2},"f":{"0":4,"1":1,"2":1,"3":1,"4":1,"5":5,"6":0,"7":4,"8":1},"b":{"0":[5,1]},"_coverageSchema":"332fd63041d2c1bcb487cc26dd0d5f7d97098a6c","hash":"3f50753c119ebf0a02dbd4ea62aa2af5d31a994a"}
,"/home/hr/Dev/projects/cyclemob_app/components/Toolbar.js": {"path":"/home/hr/Dev/projects/cyclemob_app/components/Toolbar.js","statementMap":{"0":{"start":{"line":6,"column":0},"end":{"line":12,"column":2}},"1":{"start":{"line":21,"column":2},"end":{"line":46,"column":4}},"2":{"start":{"line":49,"column":15},"end":{"line":62,"column":2}}},"fnMap":{"0":{"name":"Toolbar","decl":{"start":{"line":14,"column":9},"end":{"line":14,"column":16}},"loc":{"start":{"line":20,"column":3},"end":{"line":47,"column":1}},"line":20}},"branchMap":{"0":{"loc":{"start":{"line":31,"column":17},"end":{"line":31,"column":62}},"type":"cond-expr","locations":[{"start":{"line":31,"column":38},"end":{"line":31,"column":57}},{"start":{"line":31,"column":60},"end":{"line":31,"column":62}}],"line":31}},"s":{"0":2,"1":5,"2":2},"f":{"0":5},"b":{"0":[1,4]},"_coverageSchema":"332fd63041d2c1bcb487cc26dd0d5f7d97098a6c","hash":"5637e8f6b242f0d4656381859493aeac66055964"}
,"/home/hr/Dev/projects/cyclemob_app/lib/gmaps-api.js": {"path":"/home/hr/Dev/projects/cyclemob_app/lib/gmaps-api.js","statementMap":{"0":{"start":{"line":3,"column":23},"end":{"line":3,"column":60}},"1":{"start":{"line":5,"column":22},"end":{"line":5,"column":60}},"2":{"start":{"line":7,"column":37},"end":{"line":24,"column":1}},"3":{"start":{"line":8,"column":17},"end":{"line":14,"column":3}},"4":{"start":{"line":15,"column":14},"end":{"line":17,"column":5}},"5":{"start":{"line":18,"column":2},"end":{"line":23,"column":5}},"6":{"start":{"line":19,"column":4},"end":{"line":21,"column":5}},"7":{"start":{"line":20,"column":6},"end":{"line":20,"column":71}},"8":{"start":{"line":20,"column":43},"end":{"line":20,"column":68}},"9":{"start":{"line":22,"column":4},"end":{"line":22,"column":16}},"10":{"start":{"line":26,"column":31},"end":{"line":40,"column":1}},"11":{"start":{"line":27,"column":17},"end":{"line":31,"column":3}},"12":{"start":{"line":32,"column":2},"end":{"line":39,"column":7}},"13":{"start":{"line":35,"column":6},"end":{"line":37,"column":7}},"14":{"start":{"line":36,"column":8},"end":{"line":36,"column":27}},"15":{"start":{"line":38,"column":6},"end":{"line":38,"column":18}},"16":{"start":{"line":42,"column":24},"end":{"line":76,"column":1}},"17":{"start":{"line":43,"column":17},"end":{"line":54,"column":3}},"18":{"start":{"line":48,"column":25},"end":{"line":48,"column":69}},"19":{"start":{"line":55,"column":2},"end":{"line":75,"column":7}},"20":{"start":{"line":58,"column":6},"end":{"line":73,"column":7}},"21":{"start":{"line":59,"column":25},"end":{"line":59,"column":64}},"22":{"start":{"line":60,"column":22},"end":{"line":63,"column":11}},"23":{"start":{"line":60,"column":62},"end":{"line":63,"column":9}},"24":{"start":{"line":64,"column":25},"end":{"line":67,"column":13}},"25":{"start":{"line":65,"column":10},"end":{"line":65,"column":40}},"26":{"start":{"line":66,"column":10},"end":{"line":66,"column":24}},"27":{"start":{"line":68,"column":25},"end":{"line":71,"column":13}},"28":{"start":{"line":69,"column":10},"end":{"line":69,"column":40}},"29":{"start":{"line":70,"column":10},"end":{"line":70,"column":24}},"30":{"start":{"line":72,"column":8},"end":{"line":72,"column":45}},"31":{"start":{"line":74,"column":6},"end":{"line":74,"column":18}},"32":{"start":{"line":79,"column":15},"end":{"line":79,"column":34}},"33":{"start":{"line":80,"column":2},"end":{"line":83,"column":15}},"34":{"start":{"line":81,"column":19},"end":{"line":81,"column":32}},"35":{"start":{"line":82,"column":16},"end":{"line":82,"column":39}}},"fnMap":{"0":{"name":"(anonymous_0)","decl":{"start":{"line":7,"column":37},"end":{"line":7,"column":38}},"loc":{"start":{"line":7,"column":73},"end":{"line":24,"column":1}},"line":7},"1":{"name":"(anonymous_1)","decl":{"start":{"line":18,"column":29},"end":{"line":18,"column":30}},"loc":{"start":{"line":18,"column":43},"end":{"line":23,"column":3}},"line":18},"2":{"name":"(anonymous_2)","decl":{"start":{"line":20,"column":34},"end":{"line":20,"column":35}},"loc":{"start":{"line":20,"column":43},"end":{"line":20,"column":68}},"line":20},"3":{"name":"(anonymous_3)","decl":{"start":{"line":26,"column":31},"end":{"line":26,"column":32}},"loc":{"start":{"line":26,"column":59},"end":{"line":40,"column":1}},"line":26},"4":{"name":"(anonymous_4)","decl":{"start":{"line":34,"column":10},"end":{"line":34,"column":11}},"loc":{"start":{"line":34,"column":24},"end":{"line":39,"column":5}},"line":34},"5":{"name":"(anonymous_5)","decl":{"start":{"line":42,"column":24},"end":{"line":42,"column":25}},"loc":{"start":{"line":42,"column":60},"end":{"line":76,"column":1}},"line":42},"6":{"name":"(anonymous_6)","decl":{"start":{"line":48,"column":13},"end":{"line":48,"column":14}},"loc":{"start":{"line":48,"column":25},"end":{"line":48,"column":69}},"line":48},"7":{"name":"(anonymous_7)","decl":{"start":{"line":57,"column":10},"end":{"line":57,"column":11}},"loc":{"start":{"line":57,"column":24},"end":{"line":75,"column":5}},"line":57},"8":{"name":"(anonymous_8)","decl":{"start":{"line":60,"column":51},"end":{"line":60,"column":52}},"loc":{"start":{"line":60,"column":62},"end":{"line":63,"column":9}},"line":60},"9":{"name":"(anonymous_9)","decl":{"start":{"line":64,"column":52},"end":{"line":64,"column":53}},"loc":{"start":{"line":64,"column":70},"end":{"line":67,"column":9}},"line":64},"10":{"name":"(anonymous_10)","decl":{"start":{"line":68,"column":52},"end":{"line":68,"column":53}},"loc":{"start":{"line":68,"column":70},"end":{"line":71,"column":9}},"line":68},"11":{"name":"paramsToString","decl":{"start":{"line":78,"column":9},"end":{"line":78,"column":23}},"loc":{"start":{"line":78,"column":32},"end":{"line":84,"column":1}},"line":78},"12":{"name":"(anonymous_12)","decl":{"start":{"line":81,"column":12},"end":{"line":81,"column":13}},"loc":{"start":{"line":81,"column":19},"end":{"line":81,"column":32}},"line":81},"13":{"name":"(anonymous_13)","decl":{"start":{"line":82,"column":9},"end":{"line":82,"column":10}},"loc":{"start":{"line":82,"column":16},"end":{"line":82,"column":39}},"line":82}},"branchMap":{"0":{"loc":{"start":{"line":19,"column":4},"end":{"line":21,"column":5}},"type":"if","locations":[{"start":{"line":19,"column":4},"end":{"line":21,"column":5}},{"start":{"line":19,"column":4},"end":{"line":21,"column":5}}],"line":19},"1":{"loc":{"start":{"line":35,"column":6},"end":{"line":37,"column":7}},"type":"if","locations":[{"start":{"line":35,"column":6},"end":{"line":37,"column":7}},{"start":{"line":35,"column":6},"end":{"line":37,"column":7}}],"line":35},"2":{"loc":{"start":{"line":46,"column":15},"end":{"line":50,"column":12}},"type":"cond-expr","locations":[{"start":{"line":47,"column":8},"end":{"line":49,"column":18}},{"start":{"line":50,"column":8},"end":{"line":50,"column":12}}],"line":46},"3":{"loc":{"start":{"line":58,"column":6},"end":{"line":73,"column":7}},"type":"if","locations":[{"start":{"line":58,"column":6},"end":{"line":73,"column":7}},{"start":{"line":58,"column":6},"end":{"line":73,"column":7}}],"line":58}},"s":{"0":1,"1":1,"2":1,"3":2,"4":2,"5":2,"6":1,"7":1,"8":1,"9":0,"10":1,"11":2,"12":2,"13":1,"14":1,"15":0,"16":1,"17":3,"18":2,"19":3,"20":1,"21":1,"22":1,"23":315,"24":1,"25":1,"26":1,"27":1,"28":1,"29":1,"30":1,"31":0,"32":7,"33":7,"34":34,"35":32},"f":{"0":2,"1":1,"2":1,"3":2,"4":1,"5":3,"6":2,"7":1,"8":315,"9":1,"10":1,"11":7,"12":34,"13":32},"b":{"0":[1,0],"1":[1,0],"2":[1,2],"3":[1,0]},"_coverageSchema":"332fd63041d2c1bcb487cc26dd0d5f7d97098a6c","hash":"9d58de72333634751d7affa4df2e4e6418de77b4"}
,"/home/hr/Dev/projects/cyclemob_app/lib/helper.js": {"path":"/home/hr/Dev/projects/cyclemob_app/lib/helper.js","statementMap":{"0":{"start":{"line":1,"column":26},"end":{"line":7,"column":1}},"1":{"start":{"line":2,"column":2},"end":{"line":6,"column":5}},"2":{"start":{"line":3,"column":12},"end":{"line":3,"column":36}},"3":{"start":{"line":4,"column":10},"end":{"line":4,"column":41}},"4":{"start":{"line":5,"column":4},"end":{"line":5,"column":26}},"5":{"start":{"line":9,"column":28},"end":{"line":25,"column":2}},"6":{"start":{"line":16,"column":7},"end":{"line":25,"column":1}},"7":{"start":{"line":27,"column":12},"end":{"line":29,"column":1}},"8":{"start":{"line":28,"column":2},"end":{"line":28,"column":29}},"9":{"start":{"line":31,"column":27},"end":{"line":45,"column":1}},"10":{"start":{"line":33,"column":10},"end":{"line":33,"column":17}},"11":{"start":{"line":34,"column":13},"end":{"line":34,"column":43}},"12":{"start":{"line":35,"column":14},"end":{"line":35,"column":46}},"13":{"start":{"line":37,"column":4},"end":{"line":41,"column":25}},"14":{"start":{"line":42,"column":10},"end":{"line":42,"column":56}},"15":{"start":{"line":43,"column":10},"end":{"line":43,"column":15}},"16":{"start":{"line":44,"column":2},"end":{"line":44,"column":11}},"17":{"start":{"line":49,"column":16},"end":{"line":49,"column":39}},"18":{"start":{"line":50,"column":14},"end":{"line":50,"column":44}},"19":{"start":{"line":51,"column":12},"end":{"line":51,"column":49}},"20":{"start":{"line":53,"column":2},"end":{"line":53,"column":43}},"21":{"start":{"line":54,"column":2},"end":{"line":54,"column":51}},"22":{"start":{"line":55,"column":2},"end":{"line":55,"column":51}},"23":{"start":{"line":57,"column":2},"end":{"line":57,"column":47}},"24":{"start":{"line":62,"column":11},"end":{"line":62,"column":26}},"25":{"start":{"line":63,"column":2},"end":{"line":63,"column":31}}},"fnMap":{"0":{"name":"(anonymous_0)","decl":{"start":{"line":1,"column":26},"end":{"line":1,"column":27}},"loc":{"start":{"line":1,"column":32},"end":{"line":7,"column":1}},"line":1},"1":{"name":"(anonymous_1)","decl":{"start":{"line":2,"column":65},"end":{"line":2,"column":66}},"loc":{"start":{"line":2,"column":77},"end":{"line":6,"column":3}},"line":2},"2":{"name":"(anonymous_2)","decl":{"start":{"line":9,"column":28},"end":{"line":9,"column":29}},"loc":{"start":{"line":16,"column":7},"end":{"line":25,"column":1}},"line":16},"3":{"name":"(anonymous_3)","decl":{"start":{"line":27,"column":12},"end":{"line":27,"column":13}},"loc":{"start":{"line":27,"column":24},"end":{"line":29,"column":1}},"line":27},"4":{"name":"(anonymous_4)","decl":{"start":{"line":31,"column":27},"end":{"line":31,"column":28}},"loc":{"start":{"line":31,"column":44},"end":{"line":45,"column":1}},"line":31},"5":{"name":"sToTime","decl":{"start":{"line":47,"column":16},"end":{"line":47,"column":23}},"loc":{"start":{"line":47,"column":34},"end":{"line":58,"column":1}},"line":47},"6":{"name":"mToKm","decl":{"start":{"line":60,"column":16},"end":{"line":60,"column":21}},"loc":{"start":{"line":60,"column":32},"end":{"line":64,"column":1}},"line":60}},"branchMap":{"0":{"loc":{"start":{"line":4,"column":10},"end":{"line":4,"column":41}},"type":"cond-expr","locations":[{"start":{"line":4,"column":22},"end":{"line":4,"column":23}},{"start":{"line":4,"column":26},"end":{"line":4,"column":41}}],"line":4},"1":{"loc":{"start":{"line":17,"column":6},"end":{"line":17,"column":24}},"type":"binary-expr","locations":[{"start":{"line":17,"column":6},"end":{"line":17,"column":8}},{"start":{"line":17,"column":12},"end":{"line":17,"column":24}}],"line":17},"2":{"loc":{"start":{"line":18,"column":9},"end":{"line":18,"column":20}},"type":"binary-expr","locations":[{"start":{"line":18,"column":9},"end":{"line":18,"column":14}},{"start":{"line":18,"column":18},"end":{"line":18,"column":20}}],"line":18},"3":{"loc":{"start":{"line":19,"column":15},"end":{"line":19,"column":32}},"type":"binary-expr","locations":[{"start":{"line":19,"column":15},"end":{"line":19,"column":26}},{"start":{"line":19,"column":30},"end":{"line":19,"column":32}}],"line":19},"4":{"loc":{"start":{"line":20,"column":12},"end":{"line":20,"column":28}},"type":"binary-expr","locations":[{"start":{"line":20,"column":12},"end":{"line":20,"column":20}},{"start":{"line":20,"column":24},"end":{"line":20,"column":28}}],"line":20},"5":{"loc":{"start":{"line":53,"column":10},"end":{"line":53,"column":42}},"type":"cond-expr","locations":[{"start":{"line":53,"column":23},"end":{"line":53,"column":34}},{"start":{"line":53,"column":37},"end":{"line":53,"column":42}}],"line":53},"6":{"loc":{"start":{"line":54,"column":12},"end":{"line":54,"column":50}},"type":"cond-expr","locations":[{"start":{"line":54,"column":27},"end":{"line":54,"column":40}},{"start":{"line":54,"column":43},"end":{"line":54,"column":50}}],"line":54},"7":{"loc":{"start":{"line":55,"column":12},"end":{"line":55,"column":50}},"type":"cond-expr","locations":[{"start":{"line":55,"column":27},"end":{"line":55,"column":40}},{"start":{"line":55,"column":43},"end":{"line":55,"column":50}}],"line":55}},"s":{"0":4,"1":6,"2":186,"3":186,"4":186,"5":4,"6":3,"7":4,"8":4,"9":4,"10":1,"11":1,"12":1,"13":1,"14":1,"15":1,"16":1,"17":8,"18":8,"19":8,"20":8,"21":8,"22":8,"23":8,"24":12,"25":12},"f":{"0":6,"1":186,"2":3,"3":4,"4":1,"5":8,"6":12},"b":{"0":[180,6],"1":[3,0],"2":[3,0],"3":[3,0],"4":[3,2],"5":[8,0],"6":[6,2],"7":[2,6]},"_coverageSchema":"332fd63041d2c1bcb487cc26dd0d5f7d97098a6c","hash":"205425c68bd137d0254b887b7d8db9cd846fc213"}
}
