TN:
SF:/home/hr/Dev/projects/cyclemob_app/App.js
FN:16,(anonymous_0)
FN:34,(anonymous_1)
FN:35,(anonymous_2)
FN:42,(anonymous_3)
FN:43,(anonymous_4)
FN:48,(anonymous_5)
FN:49,(anonymous_6)
FN:54,(anonymous_7)
FN:60,(anonymous_8)
FN:61,(anonymous_9)
FN:66,(anonymous_10)
FN:74,(anonymous_11)
FN:81,(anonymous_12)
FN:82,(anonymous_13)
FN:83,(anonymous_14)
FN:88,(anonymous_15)
FN:94,(anonymous_16)
FN:100,(anonymous_17)
FN:105,(anonymous_18)
FN:111,(anonymous_19)
FN:116,(anonymous_20)
FN:122,(anonymous_21)
FN:133,(anonymous_22)
FN:144,(anonymous_23)
FN:152,(anonymous_24)
FN:163,(anonymous_25)
FN:169,(anonymous_26)
FN:176,(anonymous_27)
FN:180,(anonymous_28)
FN:219,(anonymous_29)
FNF:30
FNH:26
FNDA:9,(anonymous_0)
FNDA:9,(anonymous_1)
FNDA:9,(anonymous_2)
FNDA:1,(anonymous_3)
FNDA:1,(anonymous_4)
FNDA:2,(anonymous_5)
FNDA:2,(anonymous_6)
FNDA:1,(anonymous_7)
FNDA:1,(anonymous_8)
FNDA:1,(anonymous_9)
FNDA:2,(anonymous_10)
FNDA:2,(anonymous_11)
FNDA:1,(anonymous_12)
FNDA:1,(anonymous_13)
FNDA:2,(anonymous_14)
FNDA:1,(anonymous_15)
FNDA:1,(anonymous_16)
FNDA:1,(anonymous_17)
FNDA:1,(anonymous_18)
FNDA:1,(anonymous_19)
FNDA:1,(anonymous_20)
FNDA:0,(anonymous_21)
FNDA:0,(anonymous_22)
FNDA:2,(anonymous_23)
FNDA:1,(anonymous_24)
FNDA:1,(anonymous_25)
FNDA:1,(anonymous_26)
FNDA:0,(anonymous_27)
FNDA:35,(anonymous_28)
FNDA:0,(anonymous_29)
DA:17,9
DA:18,9
DA:35,9
DA:36,9
DA:43,1
DA:49,2
DA:55,1
DA:61,1
DA:67,2
DA:74,2
DA:82,1
DA:83,2
DA:89,1
DA:95,1
DA:101,1
DA:106,1
DA:112,1
DA:117,1
DA:145,2
DA:146,1
DA:150,1
DA:151,1
DA:152,1
DA:153,1
DA:164,1
DA:170,1
DA:177,0
DA:189,35
DA:190,35
DA:250,1
LF:30
LH:29
BRDA:145,0,0,1
BRDA:145,0,1,1
BRDA:190,1,0,25
BRDA:190,1,1,10
BRDA:200,2,0,25
BRDA:200,2,1,25
BRDA:205,3,0,25
BRDA:205,3,1,2
BRDA:214,4,0,25
BRDA:214,4,1,1
BRDA:222,5,0,25
BRDA:222,5,1,3
BRDA:231,6,0,25
BRDA:231,6,1,1
BRDA:267,7,0,1
BRDA:267,7,1,0
BRF:16
BRH:15
end_of_record
TN:
SF:/home/hr/Dev/projects/cyclemob_app/setupTests.js
FN:10,(anonymous_0)
FNF:1
FNH:1
FNDA:3,(anonymous_0)
DA:6,10
DA:8,10
DA:10,3
LF:3
LH:3
BRF:0
BRH:0
end_of_record
TN:
SF:/home/hr/Dev/projects/cyclemob_app/components/Bikecomputer.js
FN:10,Bikecomputer
FNF:1
FNH:1
FNDA:4,Bikecomputer
DA:5,2
DA:11,4
DA:27,2
LF:3
LH:3
BRDA:15,0,0,4
BRDA:15,0,1,3
BRDA:21,1,0,4
BRDA:21,1,1,3
BRF:4
BRH:4
end_of_record
TN:
SF:/home/hr/Dev/projects/cyclemob_app/components/Button.js
FN:12,Button
FNF:1
FNH:1
FNDA:4,Button
DA:6,5
DA:13,4
DA:20,5
LF:3
LH:3
BRDA:15,0,0,0
BRDA:15,0,1,4
BRF:2
BRH:1
end_of_record
TN:
SF:/home/hr/Dev/projects/cyclemob_app/components/Map.js
FN:21,(anonymous_0)
FN:27,(anonymous_1)
FN:33,(anonymous_2)
FN:39,(anonymous_3)
FN:58,(anonymous_4)
FN:67,(anonymous_5)
FN:71,(anonymous_6)
FNF:7
FNH:6
FNDA:10,(anonymous_0)
FNDA:1,(anonymous_1)
FNDA:1,(anonymous_2)
FNDA:19,(anonymous_3)
FNDA:0,(anonymous_4)
FNDA:4,(anonymous_5)
FNDA:1,(anonymous_6)
DA:12,2
DA:13,2
DA:14,2
DA:22,10
DA:23,3
DA:28,1
DA:29,1
DA:34,1
DA:35,1
DA:40,19
DA:41,1
DA:44,18
DA:45,18
DA:46,18
DA:47,18
DA:48,18
DA:49,18
DA:56,18
DA:58,0
DA:68,4
DA:72,1
DA:87,2
DA:114,2
LF:23
LH:22
BRDA:22,0,0,3
BRDA:22,0,1,7
BRDA:22,1,0,10
BRDA:22,1,1,9
BRDA:22,1,2,6
BRDA:28,2,0,1
BRDA:28,2,1,0
BRDA:34,3,0,1
BRDA:34,3,1,0
BRDA:40,4,0,1
BRDA:40,4,1,18
BRDA:66,5,0,18
BRDA:66,5,1,18
BRDA:76,6,0,18
BRDA:76,6,1,1
BRF:15
BRH:13
end_of_record
TN:
SF:/home/hr/Dev/projects/cyclemob_app/components/MarkerDetails.js
FN:23,MarkerDetails
FN:41,(anonymous_1)
FN:49,(anonymous_2)
FNF:3
FNH:3
FNDA:7,MarkerDetails
FNDA:1,(anonymous_1)
FNDA:1,(anonymous_2)
DA:7,2
DA:30,7
DA:41,1
DA:49,1
DA:58,2
LF:5
LH:5
BRF:0
BRH:0
end_of_record
TN:
SF:/home/hr/Dev/projects/cyclemob_app/components/RouteDetails.js
FN:14,RouteDetails
FNF:1
FNH:1
FNDA:5,RouteDetails
DA:7,2
DA:15,5
DA:26,2
LF:3
LH:3
BRF:0
BRH:0
end_of_record
TN:
SF:/home/hr/Dev/projects/cyclemob_app/components/Search.js
FN:35,(anonymous_0)
FN:43,(anonymous_1)
FN:46,(anonymous_2)
FN:52,(anonymous_3)
FN:54,(anonymous_4)
FN:58,(anonymous_5)
FN:78,(anonymous_6)
FN:94,ResultItem
FN:98,(anonymous_8)
FNF:9
FNH:8
FNDA:4,(anonymous_0)
FNDA:1,(anonymous_1)
FNDA:1,(anonymous_2)
FNDA:1,(anonymous_3)
FNDA:1,(anonymous_4)
FNDA:5,(anonymous_5)
FNDA:0,(anonymous_6)
FNDA:4,ResultItem
FNDA:1,(anonymous_8)
DA:36,4
DA:37,4
DA:44,1
DA:45,1
DA:47,1
DA:53,1
DA:54,1
DA:55,1
DA:59,5
DA:79,0
DA:95,4
DA:98,1
DA:108,2
DA:118,2
LF:14
LH:13
BRDA:74,0,0,5
BRDA:74,0,1,1
BRF:2
BRH:2
end_of_record
TN:
SF:/home/hr/Dev/projects/cyclemob_app/components/Toolbar.js
FN:14,Toolbar
FNF:1
FNH:1
FNDA:5,Toolbar
DA:6,2
DA:21,5
DA:49,2
LF:3
LH:3
BRDA:31,0,0,1
BRDA:31,0,1,4
BRF:2
BRH:2
end_of_record
TN:
SF:/home/hr/Dev/projects/cyclemob_app/lib/gmaps-api.js
FN:7,(anonymous_0)
FN:18,(anonymous_1)
FN:20,(anonymous_2)
FN:26,(anonymous_3)
FN:34,(anonymous_4)
FN:42,(anonymous_5)
FN:48,(anonymous_6)
FN:57,(anonymous_7)
FN:60,(anonymous_8)
FN:64,(anonymous_9)
FN:68,(anonymous_10)
FN:78,paramsToString
FN:81,(anonymous_12)
FN:82,(anonymous_13)
FNF:14
FNH:14
FNDA:2,(anonymous_0)
FNDA:1,(anonymous_1)
FNDA:1,(anonymous_2)
FNDA:2,(anonymous_3)
FNDA:1,(anonymous_4)
FNDA:3,(anonymous_5)
FNDA:2,(anonymous_6)
FNDA:1,(anonymous_7)
FNDA:315,(anonymous_8)
FNDA:1,(anonymous_9)
FNDA:1,(anonymous_10)
FNDA:7,paramsToString
FNDA:34,(anonymous_12)
FNDA:32,(anonymous_13)
DA:3,1
DA:5,1
DA:7,1
DA:8,2
DA:15,2
DA:18,2
DA:19,1
DA:20,1
DA:22,0
DA:26,1
DA:27,2
DA:32,2
DA:35,1
DA:36,1
DA:38,0
DA:42,1
DA:43,3
DA:48,2
DA:55,3
DA:58,1
DA:59,1
DA:60,315
DA:64,1
DA:65,1
DA:66,1
DA:68,1
DA:69,1
DA:70,1
DA:72,1
DA:74,0
DA:79,7
DA:80,7
DA:81,34
DA:82,32
LF:34
LH:31
BRDA:19,0,0,1
BRDA:19,0,1,0
BRDA:35,1,0,1
BRDA:35,1,1,0
BRDA:46,2,0,1
BRDA:46,2,1,2
BRDA:58,3,0,1
BRDA:58,3,1,0
BRF:8
BRH:5
end_of_record
TN:
SF:/home/hr/Dev/projects/cyclemob_app/lib/helper.js
FN:1,(anonymous_0)
FN:2,(anonymous_1)
FN:9,(anonymous_2)
FN:27,(anonymous_3)
FN:31,(anonymous_4)
FN:47,sToTime
FN:60,mToKm
FNF:7
FNH:7
FNDA:6,(anonymous_0)
FNDA:186,(anonymous_1)
FNDA:3,(anonymous_2)
FNDA:4,(anonymous_3)
FNDA:1,(anonymous_4)
FNDA:8,sToTime
FNDA:12,mToKm
DA:1,4
DA:2,6
DA:3,186
DA:4,186
DA:5,186
DA:9,4
DA:16,3
DA:27,4
DA:28,4
DA:31,4
DA:33,1
DA:34,1
DA:35,1
DA:37,1
DA:42,1
DA:43,1
DA:44,1
DA:49,8
DA:50,8
DA:51,8
DA:53,8
DA:54,8
DA:55,8
DA:57,8
DA:62,12
DA:63,12
LF:26
LH:26
BRDA:4,0,0,180
BRDA:4,0,1,6
BRDA:17,1,0,3
BRDA:17,1,1,0
BRDA:18,2,0,3
BRDA:18,2,1,0
BRDA:19,3,0,3
BRDA:19,3,1,0
BRDA:20,4,0,3
BRDA:20,4,1,2
BRDA:53,5,0,8
BRDA:53,5,1,0
BRDA:54,6,0,6
BRDA:54,6,1,2
BRDA:55,7,0,2
BRDA:55,7,1,6
BRF:16
BRH:12
end_of_record
